# JRE version: Java(TM) SE Runtime Environment (8.0_31-b13) (build 1.8.0_31-b13)
# Java VM: Java HotSpot(TM) Client VM (25.31-b07 mixed mode windows-x86 )
Heap:
 def new generation   total 25408K, used 10950K [0x03a00000, 0x05590000, 0x18f50000)
  eden space 22592K,  36% used [0x03a00000, 0x041f1b50, 0x05010000)
  from space 2816K, 100% used [0x05010000, 0x052d0000, 0x052d0000)
  to   space 2816K,   0% used [0x052d0000, 0x052d0000, 0x05590000)
 tenured generation   total 56316K, used 55405K [0x18f50000, 0x1c64f000, 0x43a00000)
   the space 56316K,  98% used [0x18f50000, 0x1c56b510, 0x1c56b600, 0x1c64f000)
 Metaspace       used 38068K, capacity 39381K, committed 39424K, reserved 40320K
GC Heap History (10 events):
Event: 321.075 GC heap before
{Heap before GC invocations=113 (full 5):
 def new generation   total 25408K, used 23387K [0x03a00000, 0x05590000, 0x18f50000)
  eden space 22592K, 100% used [0x03a00000, 0x05010000, 0x05010000)
  from space 2816K,  28% used [0x052d0000, 0x05396d20, 0x05590000)
  to   space 2816K,   0% used [0x05010000, 0x05010000, 0x052d0000)
 tenured generation   total 56316K, used 47580K [0x18f50000, 0x1c64f000, 0x43a00000)
   the space 56316K,  84% used [0x18f50000, 0x1bdc72c8, 0x1bdc7400, 0x1c64f000)
 Metaspace       used 36886K, capacity 38174K, committed 38272K, reserved 38272K
Event: 321.090 GC heap after
Heap after GC invocations=114 (full 5):
 def new generation   total 25408K, used 1974K [0x03a00000, 0x05590000, 0x18f50000)
  eden space 22592K,   0% used [0x03a00000, 0x03a00000, 0x05010000)
  from space 2816K,  70% used [0x05010000, 0x051fda28, 0x052d0000)
  to   space 2816K,   0% used [0x052d0000, 0x052d0000, 0x05590000)
 tenured generation   total 56316K, used 47580K [0x18f50000, 0x1c64f000, 0x43a00000)
   the space 56316K,  84% used [0x18f50000, 0x1bdc72c8, 0x1bdc7400, 0x1c64f000)
 Metaspace       used 36886K, capacity 38174K, committed 38272K, reserved 38272K
}
Event: 321.491 GC heap before
{Heap before GC invocations=114 (full 5):
 def new generation   total 25408K, used 24566K [0x03a00000, 0x05590000, 0x18f50000)
  eden space 22592K, 100% used [0x03a00000, 0x05010000, 0x05010000)
  from space 2816K,  70% used [0x05010000, 0x051fda28, 0x052d0000)
  to   space 2816K,   0% used [0x052d0000, 0x052d0000, 0x05590000)
 tenured generation   total 56316K, used 47580K [0x18f50000, 0x1c64f000, 0x43a00000)
   the space 56316K,  84% used [0x18f50000, 0x1bdc72c8, 0x1bdc7400, 0x1c64f000)
 Metaspace       used 36886K, capacity 38174K, committed 38272K, reserved 38272K
Event: 321.502 GC heap after
Heap after GC invocations=115 (full 5):
 def new generation   total 25408K, used 1449K [0x03a00000, 0x05590000, 0x18f50000)
  eden space 22592K,   0% used [0x03a00000, 0x03a00000, 0x05010000)
  from space 2816K,  51% used [0x052d0000, 0x0543a6e0, 0x05590000)
  to   space 2816K,   0% used [0x05010000, 0x05010000, 0x052d0000)
 tenured generation   total 56316K, used 48185K [0x18f50000, 0x1c64f000, 0x43a00000)
   the space 56316K,  85% used [0x18f50000, 0x1be5e738, 0x1be5e800, 0x1c64f000)
 Metaspace       used 36886K, capacity 38174K, committed 38272K, reserved 38272K
}
Event: 325.300 GC heap before
{Heap before GC invocations=115 (full 5):
 def new generation   total 25408K, used 24041K [0x03a00000, 0x05590000, 0x18f50000)
  eden space 22592K, 100% used [0x03a00000, 0x05010000, 0x05010000)
  from space 2816K,  51% used [0x052d0000, 0x0543a6e0, 0x05590000)
  to   space 2816K,   0% used [0x05010000, 0x05010000, 0x052d0000)
 tenured generation   total 56316K, used 48185K [0x18f50000, 0x1c64f000, 0x43a00000)
   the space 56316K,  85% used [0x18f50000, 0x1be5e738, 0x1be5e800, 0x1c64f000)
 Metaspace       used 37245K, capacity 38536K, committed 38656K, reserved 39296K
Event: 325.323 GC heap after
Heap after GC invocations=116 (full 5):
 def new generation   total 25408K, used 2707K [0x03a00000, 0x05590000, 0x18f50000)
  eden space 22592K,   0% used [0x03a00000, 0x03a00000, 0x05010000)
  from space 2816K,  96% used [0x05010000, 0x052b4f30, 0x052d0000)
  to   space 2816K,   0% used [0x052d0000, 0x052d0000, 0x05590000)
 tenured generation   total 56316K, used 49073K [0x18f50000, 0x1c64f000, 0x43a00000)
   the space 56316K,  87% used [0x18f50000, 0x1bf3c690, 0x1bf3c800, 0x1c64f000)
 Metaspace       used 37245K, capacity 38536K, committed 38656K, reserved 39296K
}
Event: 331.211 GC heap before
{Heap before GC invocations=116 (full 5):
 def new generation   total 25408K, used 25299K [0x03a00000, 0x05590000, 0x18f50000)
  eden space 22592K, 100% used [0x03a00000, 0x05010000, 0x05010000)
  from space 2816K,  96% used [0x05010000, 0x052b4f30, 0x052d0000)
  to   space 2816K,   0% used [0x052d0000, 0x052d0000, 0x05590000)
 tenured generation   total 56316K, used 49073K [0x18f50000, 0x1c64f000, 0x43a00000)
   the space 56316K,  87% used [0x18f50000, 0x1bf3c690, 0x1bf3c800, 0x1c64f000)
 Metaspace       used 37851K, capacity 39174K, committed 39296K, reserved 39296K
Event: 331.246 GC heap after
Heap after GC invocations=117 (full 5):
 def new generation   total 25408K, used 2816K [0x03a00000, 0x05590000, 0x18f50000)
  eden space 22592K,   0% used [0x03a00000, 0x03a00000, 0x05010000)
  from space 2816K, 100% used [0x052d0000, 0x05590000, 0x05590000)
  to   space 2816K,   0% used [0x05010000, 0x05010000, 0x052d0000)
 tenured generation   total 56316K, used 51981K [0x18f50000, 0x1c64f000, 0x43a00000)
   the space 56316K,  92% used [0x18f50000, 0x1c213548, 0x1c213600, 0x1c64f000)
 Metaspace       used 37851K, capacity 39174K, committed 39296K, reserved 39296K
}
Event: 331.837 GC heap before
{Heap before GC invocations=117 (full 5):
 def new generation   total 25408K, used 25408K [0x03a00000, 0x05590000, 0x18f50000)
  eden space 22592K, 100% used [0x03a00000, 0x05010000, 0x05010000)
  from space 2816K, 100% used [0x052d0000, 0x05590000, 0x05590000)
  to   space 2816K,   0% used [0x05010000, 0x05010000, 0x052d0000)
 tenured generation   total 56316K, used 51981K [0x18f50000, 0x1c64f000, 0x43a00000)
   the space 56316K,  92% used [0x18f50000, 0x1c213548, 0x1c213600, 0x1c64f000)
 Metaspace       used 37854K, capacity 39177K, committed 39296K, reserved 39296K
Event: 331.876 GC heap after
Heap after GC invocations=118 (full 5):
 def new generation   total 25408K, used 2816K [0x03a00000, 0x05590000, 0x18f50000)
  eden space 22592K,   0% used [0x03a00000, 0x03a00000, 0x05010000)
  from space 2816K, 100% used [0x05010000, 0x052d0000, 0x052d0000)
  to   space 2816K,   0% used [0x052d0000, 0x052d0000, 0x05590000)
 tenured generation   total 56316K, used 55405K [0x18f50000, 0x1c64f000, 0x43a00000)
   the space 56316K,  98% used [0x18f50000, 0x1c56b510, 0x1c56b600, 0x1c64f000)
 Metaspace       used 37854K, capacity 39177K, committed 39296K, reserved 39296K
}

